<?xml version="1.0" encoding="UTF-8"?>
<!-- Generated by org.testng.reporters.JUnitReportReporter -->
<testsuite hostname="Hp" name="AmazonExtendReport.AzExtendReport" tests="1" failures="0" timestamp="24 May 2022 12:08:43 GMT" time="19.805" errors="0">
  <testcase name="load" time="19.805" classname="AmazonExtendReport.AzExtendReport"/>
</testsuite> <!-- AmazonExtendReport.AzExtendReport -->
