<?xml version="1.0" encoding="UTF-8"?>
<!-- Generated by org.testng.reporters.JUnitReportReporter -->
<testsuite hostname="Hp" name="Sample.ExcelReadingForDemo" tests="4" failures="0" timestamp="21 May 2022 19:41:52 GMT" time="0.970" errors="0">
  <testcase name="getRowOperation" time="0.060" classname="Sample.ExcelReadingForDemo"/>
  <testcase name="getCellCount" time="0.055" classname="Sample.ExcelReadingForDemo"/>
  <testcase name="getSheetName" time="0.700" classname="Sample.ExcelReadingForDemo"/>
  <testcase name="updateExcel" time="0.155" classname="Sample.ExcelReadingForDemo"/>
</testsuite> <!-- Sample.ExcelReadingForDemo -->
