<?xml version="1.0" encoding="UTF-8"?>
<!-- Generated by org.testng.reporters.JUnitReportReporter -->
<testsuite hostname="Hp" name="TestNG.DependsOnMethod" tests="3" failures="0" timestamp="23 May 2022 10:16:54 GMT" time="0.023" errors="0">
  <testcase name="checkNotification" time="0.005" classname="TestNG.DependsOnMethod"/>
  <testcase name="login" time="0.003" classname="TestNG.DependsOnMethod"/>
  <testcase name="signIn" time="0.015" classname="TestNG.DependsOnMethod"/>
</testsuite> <!-- TestNG.DependsOnMethod -->
