<?xml version="1.0" encoding="UTF-8"?>
<!-- Generated by org.testng.reporters.JUnitReportReporter -->
<testsuite hostname="Hp" name="TestNG.Annotation1" tests="2" failures="0" timestamp="23 May 2022 10:08:40 GMT" time="0.010" errors="0">
  <testcase name="verifyLogin" time="0.008" classname="TestNG.Annotation1"/>
  <testcase name="createTask" time="0.002" classname="TestNG.Annotation1"/>
</testsuite> <!-- TestNG.Annotation1 -->
