<?xml version="1.0" encoding="UTF-8"?>
<!-- Generated by org.testng.reporters.JUnitReportReporter -->
<testsuite hostname="Hp" name="Advance.SaucePractice" tests="4" failures="0" timestamp="23 May 2022 09:39:19 GMT" time="5.531" errors="0">
  <testcase name="Testcase1" time="0.020" classname="Advance.SaucePractice"/>
  <testcase name="Testcase2" time="0.005" classname="Advance.SaucePractice"/>
  <testcase name="saucedemo" time="5.494" classname="Advance.SaucePractice"/>
  <testcase name="Testcase3" time="0.012" classname="Advance.SaucePractice"/>
</testsuite> <!-- Advance.SaucePractice -->
