<?xml version="1.0" encoding="UTF-8"?>
<!-- Generated by org.testng.reporters.JUnitReportReporter -->
<testsuite hostname="Hp" name="Sample.GroupInfoPractice" tests="1" failures="0" timestamp="24 May 2022 07:30:13 GMT" time="1.142" errors="0">
  <testcase name="ExcelReading" time="1.142" classname="Sample.GroupInfoPractice"/>
</testsuite> <!-- Sample.GroupInfoPractice -->
