<?xml version="1.0" encoding="UTF-8"?>
<!-- Generated by org.testng.reporters.JUnitReportReporter -->
<testsuite hostname="Hp" name="JavaScriptExecutor.JavaScriptExampleScroll" tests="1" failures="0" timestamp="30 May 2022 05:24:30 GMT" time="12.563" errors="0">
  <testcase name="testLoginWithoutClick" time="12.563" classname="JavaScriptExecutor.JavaScriptExampleScroll"/>
</testsuite> <!-- JavaScriptExecutor.JavaScriptExampleScroll -->
