<?xml version="1.0" encoding="UTF-8"?>
<!-- Generated by org.testng.reporters.JUnitReportReporter -->
<testsuite hostname="Hp" name="TestNG.Count" tests="5" failures="0" timestamp="23 May 2022 10:13:31 GMT" time="0.024" errors="0">
  <testcase name="param1" time="0.002" classname="TestNG.Count"/>
  <testcase name="param1" time="0.003" classname="TestNG.Count"/>
  <testcase name="param1" time="0.014" classname="TestNG.Count"/>
  <testcase name="param1" time="0.003" classname="TestNG.Count"/>
  <testcase name="param1" time="0.002" classname="TestNG.Count"/>
</testsuite> <!-- TestNG.Count -->
