<?xml version="1.0" encoding="UTF-8"?>
<!-- Generated by org.testng.reporters.JUnitReportReporter -->
<testsuite hostname="Hp" name="TestNG.Alphabetical" tests="2" failures="0" timestamp="23 May 2022 10:06:44 GMT" time="0.024" errors="0">
  <testcase name="testCase7" time="0.021" classname="TestNG.Alphabetical"/>
  <testcase name="testCase8" time="0.003" classname="TestNG.Alphabetical"/>
</testsuite> <!-- TestNG.Alphabetical -->
