<?xml version="1.0" encoding="UTF-8"?>
<!-- Generated by org.testng.reporters.JUnitReportReporter -->
<testsuite hostname="Hp" name="TestNG.DemoTest" tests="2" failures="0" timestamp="21 May 2022 21:18:45 GMT" time="0.005" errors="0">
  <testcase name="testcase2" time="0.000" classname="TestNG.DemoTest"/>
  <testcase name="testcase3" time="0.005" classname="TestNG.DemoTest"/>
</testsuite> <!-- TestNG.DemoTest -->
