<?xml version="1.0" encoding="UTF-8"?>
<!-- Generated by org.testng.reporters.JUnitReportReporter -->
<testsuite hostname="Hp" name="TestNG.AssertType" tests="1" failures="0" timestamp="21 May 2022 21:18:45 GMT" time="12.914" errors="0">
  <testcase name="loginPageValidationInActitimeApplication" time="12.914" classname="TestNG.AssertType"/>
</testsuite> <!-- TestNG.AssertType -->
