<?xml version="1.0" encoding="UTF-8"?>
<!-- Generated by org.testng.reporters.JUnitReportReporter -->
<testsuite hostname="Hp" name="webpagescripts.ActiTimeLoginScript" tests="1" failures="0" timestamp="26 May 2022 09:32:41 GMT" time="0.937" errors="0">
  <testcase name="loginTest" time="0.937" classname="webpagescripts.ActiTimeLoginScript"/>
</testsuite> <!-- webpagescripts.ActiTimeLoginScript -->
