<?xml version="1.0" encoding="UTF-8"?>
<!-- Generated by org.testng.reporters.JUnitReportReporter -->
<testsuite hostname="Hp" name="Sample.ExcelOperations" tests="6" failures="0" timestamp="21 May 2022 20:53:30 GMT" time="0.025" errors="0">
  <testcase name="getSheetName" time="0.005" classname="Sample.ExcelOperations"/>
  <testcase name="getFirstCellValueFromEachRow" time="0.005" classname="Sample.ExcelOperations"/>
  <testcase name="getRowsCountFromSheet" time="0.000" classname="Sample.ExcelOperations"/>
  <testcase name="getCellValueFromParticularRow" time="0.000" classname="Sample.ExcelOperations"/>
  <testcase name="getCompleteDataFromScepecificSheet" time="0.000" classname="Sample.ExcelOperations"/>
  <testcase name="createAndInsertValueInCell" time="0.015" classname="Sample.ExcelOperations"/>
</testsuite> <!-- Sample.ExcelOperations -->
