<?xml version="1.0" encoding="UTF-8"?>
<!-- Generated by org.testng.reporters.JUnitReportReporter -->
<testsuite hostname="Hp" name="AutoIT.AutoITPrac" tests="1" failures="0" timestamp="30 May 2022 12:07:07 GMT" time="7.334" errors="0">
  <testcase name="Page" time="7.334" classname="AutoIT.AutoITPrac"/>
</testsuite> <!-- AutoIT.AutoITPrac -->
