<?xml version="1.0" encoding="UTF-8"?>
<!-- Generated by org.testng.reporters.JUnitReportReporter -->
<testsuite hostname="Hp" name="TestNG.Description" tests="2" failures="0" timestamp="21 May 2022 21:18:45 GMT" time="0.004" errors="0">
  <testcase name="login" time="0.002" classname="TestNG.Description"/>
  <testcase name="signin" time="0.002" classname="TestNG.Description"/>
</testsuite> <!-- TestNG.Description -->
