<?xml version="1.0" encoding="UTF-8"?>
<!-- Generated by org.testng.reporters.JUnitReportReporter -->
<testsuite skipped="0" hostname="Hp" name="TestNG.AssertType" tests="1" failures="0" timestamp="2022-05-19T21:49:25 IST" time="21.884" errors="0">
  <testcase name="loginPageValidationInActitimeApplication" time="21.884" classname="TestNG.AssertType"/>
  <system-out/>
</testsuite> <!-- TestNG.AssertType -->
