<?xml version="1.0" encoding="UTF-8"?>
<!-- Generated by org.testng.reporters.JUnitReportReporter -->
<testsuite skipped="0" hostname="Hp" name="TestNG.DemoTest" tests="2" failures="0" timestamp="2022-05-20T20:38:42 IST" time="0.013" errors="0">
  <testcase name="testcase3" time="0.002" classname="TestNG.DemoTest"/>
  <system-out/>
  <testcase name="testcase2" time="0.011" classname="TestNG.DemoTest"/>
  <system-out/>
</testsuite> <!-- TestNG.DemoTest -->
