<?xml version="1.0" encoding="UTF-8"?>
<!-- Generated by org.testng.reporters.JUnitReportReporter -->
<testsuite skipped="0" hostname="Hp" name="Frame.NewTest" tests="1" failures="0" timestamp="2022-05-13T18:50:38 IST" time="0.017" errors="0">
  <testcase name="f" time="0.017" classname="Frame.NewTest"/>
  <system-out/>
</testsuite> <!-- Frame.NewTest -->
