<?xml version="1.0" encoding="UTF-8"?>
<!-- Generated by org.testng.reporters.JUnitReportReporter -->
<testsuite hostname="Hp" name="AutoIT.FileUploadUsingAutoIT" tests="1" failures="0" timestamp="30 May 2022 11:36:37 GMT" time="25.334" errors="0">
  <testcase name="testFileUpload" time="25.334" classname="AutoIT.FileUploadUsingAutoIT"/>
</testsuite> <!-- AutoIT.FileUploadUsingAutoIT -->
