<?xml version="1.0" encoding="UTF-8"?>
<!-- Generated by org.testng.reporters.JUnitReportReporter -->
<testsuite hostname="Hp" name="TestNG.Priority" tests="3" failures="0" timestamp="21 May 2022 21:18:45 GMT" time="0.005" errors="0">
  <testcase name="login" time="0.000" classname="TestNG.Priority"/>
  <testcase name="sendEmail" time="0.005" classname="TestNG.Priority"/>
  <testcase name="logout" time="0.000" classname="TestNG.Priority"/>
</testsuite> <!-- TestNG.Priority -->
