<?xml version="1.0" encoding="UTF-8"?>
<!-- Generated by org.testng.reporters.JUnitReportReporter -->
<testsuite hostname="Hp" name="AutoIT.FileUploadWithSeleniumUsingAutoIT_WithParam" tests="1" failures="0" timestamp="30 May 2022 11:48:03 GMT" time="16.048" errors="0">
  <testcase name="testFileUpload" time="16.048" classname="AutoIT.FileUploadWithSeleniumUsingAutoIT_WithParam"/>
</testsuite> <!-- AutoIT.FileUploadWithSeleniumUsingAutoIT_WithParam -->
