<?xml version="1.0" encoding="UTF-8"?>
<!-- Generated by org.testng.reporters.JUnitReportReporter -->
<testsuite hostname="Hp" name="Sample.ExcelReading" tests="4" failures="0" timestamp="21 May 2022 17:46:02 GMT" time="1.208" errors="0">
  <testcase name="updateExcel" time="0.219" classname="Sample.ExcelReading"/>
  <testcase name="getSheetName" time="0.068" classname="Sample.ExcelReading"/>
  <testcase name="getRowOperation" time="0.063" classname="Sample.ExcelReading"/>
  <testcase name="getCellCount" time="0.858" classname="Sample.ExcelReading"/>
</testsuite> <!-- Sample.ExcelReading -->
