<?xml version="1.0" encoding="UTF-8"?>
<!-- Generated by org.testng.reporters.JUnitReportReporter -->
<testsuite hostname="Hp" name="TestNG.DependsOnMethodWithException" tests="3" failures="0" timestamp="23 May 2022 10:20:14 GMT" time="0.029" errors="0">
  <testcase name="login" time="0.002" classname="TestNG.DependsOnMethodWithException"/>
  <testcase name="checkNotification" time="0.008" classname="TestNG.DependsOnMethodWithException"/>
  <testcase name="signIn" time="0.019" classname="TestNG.DependsOnMethodWithException"/>
</testsuite> <!-- TestNG.DependsOnMethodWithException -->
