<?xml version="1.0" encoding="UTF-8"?>
<!-- Generated by org.testng.reporters.JUnitReportReporter -->
<testsuite hostname="Hp" name="Advance.GroupingPractice" tests="2" failures="0" timestamp="23 May 2022 09:41:29 GMT" time="0.018" errors="0">
  <testcase name="Tilakraj" time="0.002" classname="Advance.GroupingPractice"/>
  <testcase name="Dipam" time="0.016" classname="Advance.GroupingPractice"/>
</testsuite> <!-- Advance.GroupingPractice -->
