<?xml version="1.0" encoding="UTF-8"?>
<!-- Generated by org.testng.reporters.JUnitReportReporter -->
<testsuite hostname="Hp" name="Sample.Practice" tests="1" failures="0" timestamp="23 May 2022 08:07:21 GMT" time="1.068" errors="0">
  <testcase name="Practice1" time="1.068" classname="Sample.Practice"/>
</testsuite> <!-- Sample.Practice -->
