<?xml version="1.0" encoding="UTF-8"?>
<!-- Generated by org.testng.reporters.JUnitReportReporter -->
<testsuite hostname="Hp" name="JavaScriptExecutor.JS_Practice" tests="1" failures="0" timestamp="30 May 2022 13:17:04 GMT" time="23.984" errors="0">
  <testcase name="flogin" time="23.984" classname="JavaScriptExecutor.JS_Practice"/>
</testsuite> <!-- JavaScriptExecutor.JS_Practice -->
