<?xml version="1.0" encoding="UTF-8"?>
<!-- Generated by org.testng.reporters.JUnitReportReporter -->
<testsuite hostname="Hp" name="Advance.PrameterPractice" tests="4" failures="0" timestamp="24 May 2022 08:39:19 GMT" time="13.835" errors="0">
  <testcase name="Browser" time="0.017" classname="Advance.PrameterPractice"/>
  <testcase name="Credential" time="0.002" classname="Advance.PrameterPractice"/>
  <testcase name="Login" time="0.014" classname="Advance.PrameterPractice"/>
  <testcase name="testLoginOfVtiger" time="13.802" classname="Advance.PrameterPractice"/>
</testsuite> <!-- Advance.PrameterPractice -->
