<?xml version="1.0" encoding="UTF-8"?>
<!-- Generated by org.testng.reporters.JUnitReportReporter -->
<testsuite hostname="Hp" name="Advance.Group" tests="3" failures="0" timestamp="30 May 2022 18:27:28 GMT" time="0.019" errors="0">
  <testcase name="testCaseTwo" time="0.005" classname="Advance.Group"/>
  <testcase name="testCaseOne" time="0.002" classname="Advance.Group"/>
  <testcase name="testCaseFour" time="0.012" classname="Advance.Group"/>
</testsuite> <!-- Advance.Group -->
