<?xml version="1.0" encoding="UTF-8"?>
<!-- Generated by org.testng.reporters.JUnitReportReporter -->
<testsuite hostname="Hp" name="TestNG.Annotation2" tests="3" failures="0" timestamp="23 May 2022 10:11:30 GMT" time="0.024" errors="0">
  <testcase name="verifyLogin" time="0.008" classname="TestNG.Annotation2"/>
  <testcase name="createTask" time="0.002" classname="TestNG.Annotation2"/>
  <testcase name="deleteTask" time="0.014" classname="TestNG.Annotation2"/>
</testsuite> <!-- TestNG.Annotation2 -->
