<?xml version="1.0" encoding="UTF-8"?>
<!-- Generated by org.testng.reporters.JUnitReportReporter -->
<testsuite hostname="Hp" name="TestNG.Validation" tests="1" failures="0" timestamp="21 May 2022 21:18:45 GMT" time="18.848" errors="0">
  <testcase name="loginLogoutInActitimeApplication" time="18.848" classname="TestNG.Validation"/>
</testsuite> <!-- TestNG.Validation -->
