<?xml version="1.0" encoding="UTF-8"?>
<!-- Generated by org.testng.reporters.JUnitReportReporter -->
<testsuite hostname="Hp" name="TestNG.Enabled" tests="2" failures="0" timestamp="23 May 2022 10:14:47 GMT" time="0.029" errors="0">
  <testcase name="param1" time="0.027" classname="TestNG.Enabled"/>
  <testcase name="param2" time="0.002" classname="TestNG.Enabled"/>
</testsuite> <!-- TestNG.Enabled -->
