<?xml version="1.0" encoding="UTF-8"?>
<!-- Generated by org.testng.reporters.JUnitReportReporter -->
<testsuite skipped="0" hostname="Hp" name="TestNG.Alphabetical" tests="2" failures="0" timestamp="2022-05-19T21:30:10 IST" time="0.015" errors="0">
  <testcase name="testCase8" time="0.002" classname="TestNG.Alphabetical"/>
  <system-out/>
  <testcase name="testCase7" time="0.013" classname="TestNG.Alphabetical"/>
  <system-out/>
</testsuite> <!-- TestNG.Alphabetical -->
