<?xml version="1.0" encoding="UTF-8"?>
<!-- Generated by org.testng.reporters.JUnitReportReporter -->
<testsuite skipped="0" hostname="Hp" name="TestNG.Annotation1" tests="2" failures="0" timestamp="2022-05-21T15:33:33 IST" time="0.010" errors="0">
  <testcase name="verifyLogin" time="0.008" classname="TestNG.Annotation1"/>
  <system-out/>
  <testcase name="createTask" time="0.002" classname="TestNG.Annotation1"/>
  <system-out/>
</testsuite> <!-- TestNG.Annotation1 -->
