<?xml version="1.0" encoding="UTF-8"?>
<!-- Generated by org.testng.reporters.JUnitReportReporter -->
<testsuite skipped="0" hostname="Hp" name="TestNG.Annotation2" tests="3" failures="0" timestamp="2022-05-19T22:07:08 IST" time="0.022" errors="0">
  <testcase name="verifyLogin" time="0.007" classname="TestNG.Annotation2"/>
  <system-out/>
  <testcase name="createTask" time="0.012" classname="TestNG.Annotation2"/>
  <system-out/>
  <testcase name="deleteTask" time="0.003" classname="TestNG.Annotation2"/>
  <system-out/>
</testsuite> <!-- TestNG.Annotation2 -->
